
/home/runner/work/exp-freedom-system-forced-vibration-nitk/exp-freedom-system-forced-vibration-nitk/experiment/simulation/js/Input.js
   1:7   warning  'NumberInput' is defined but never used  no-unused-vars
  20:21  warning  'createInput' is not defined             no-undef
  32:23  warning  'createSlider' is not defined            no-undef
  55:7   warning  'clearGraphs' is not defined             no-undef
  64:9   warning  'clearGraphs' is not defined             no-undef
  70:5   warning  'push' is not defined                    no-undef
  72:5   warning  'fill' is not defined                    no-undef
  73:5   warning  'strokeWeight' is not defined            no-undef
  74:5   warning  'textFont' is not defined                no-undef
  75:5   warning  'textSize' is not defined                no-undef
  76:5   warning  'text' is not defined                    no-undef
  78:5   warning  'pop' is not defined                     no-undef

/home/runner/work/exp-freedom-system-forced-vibration-nitk/exp-freedom-system-forced-vibration-nitk/experiment/simulation/js/buttonIcon.js
   1:7  warning  'Button' is defined but never used  no-unused-vars
  18:9  warning  'image' is not defined              no-undef

/home/runner/work/exp-freedom-system-forced-vibration-nitk/exp-freedom-system-forced-vibration-nitk/experiment/simulation/js/dynamic_graphs.js
   1:7   warning  'DynamicGraph' is defined but never used  no-unused-vars
  23:25  warning  'map' is not defined                      no-undef
  24:21  warning  'map' is not defined                      no-undef
  24:46  warning  'spring1' is not defined                  no-undef
  27:23  warning  'random' is not defined                   no-undef
  27:36  warning  'random' is not defined                   no-undef
  27:49  warning  'random' is not defined                   no-undef
  33:9   warning  'push' is not defined                     no-undef
  35:9   warning  'stroke' is not defined                   no-undef
  36:9   warning  'strokeWeight' is not defined             no-undef
  37:9   warning  'line' is not defined                     no-undef
  38:9   warning  'line' is not defined                     no-undef
  40:9   warning  'strokeWeight' is not defined             no-undef
  41:9   warning  'fill' is not defined                     no-undef
  42:9   warning  'textSize' is not defined                 no-undef
  43:9   warning  'text' is not defined                     no-undef
  44:9   warning  'translate' is not defined                no-undef
  45:9   warning  'rotate' is not defined                   no-undef
  45:16  warning  'radians' is not defined                  no-undef
  46:9   warning  'text' is not defined                     no-undef
  48:9   warning  'pop' is not defined                      no-undef
  51:9   warning  'push' is not defined                     no-undef
  54:13  warning  'beginShape' is not defined               no-undef
  55:13  warning  'stroke' is not defined                   no-undef
  56:13  warning  'strokeWeight' is not defined             no-undef
  57:13  warning  'noFill' is not defined                   no-undef
  59:17  warning  'vertex' is not defined                   no-undef
  61:13  warning  'endShape' is not defined                 no-undef
  64:9   warning  'beginShape' is not defined               no-undef
  65:9   warning  'stroke' is not defined                   no-undef
  68:9   warning  'strokeWeight' is not defined             no-undef
  69:9   warning  'noFill' is not defined                   no-undef
  71:13  warning  'vertex' is not defined                   no-undef
  73:9   warning  'endShape' is not defined                 no-undef
  75:9   warning  'pop' is not defined                      no-undef

/home/runner/work/exp-freedom-system-forced-vibration-nitk/exp-freedom-system-forced-vibration-nitk/experiment/simulation/js/event_handling.js
   1:10  warning  'handleEvents' is defined but never used  no-unused-vars
   3:7   warning  'button1' is not defined                  no-undef
   3:18  warning  'mouseX' is not defined                   no-undef
   3:26  warning  'mouseY' is not defined                   no-undef
   3:37  warning  'page1' is not defined                    no-undef
   4:9   warning  'animation' is not defined                no-undef
   5:7   warning  'noLoop' is not defined                   no-undef
   6:7   warning  'button1' is not defined                  no-undef
   6:22  warning  'play' is not defined                     no-undef
   7:7   warning  'button1' is not defined                  no-undef
   8:7   warning  'animation' is not defined                no-undef
   9:7   warning  'touch' is not defined                    no-undef
  11:7   warning  'loop' is not defined                     no-undef
  12:7   warning  'button1' is not defined                  no-undef
  12:22  warning  'pause' is not defined                    no-undef
  13:7   warning  'button1' is not defined                  no-undef
  14:7   warning  'animation' is not defined                no-undef
  15:7   warning  'touch' is not defined                    no-undef
  18:7   warning  'button2' is not defined                  no-undef
  18:18  warning  'mouseX' is not defined                   no-undef
  18:26  warning  'mouseY' is not defined                   no-undef
  18:37  warning  'page1' is not defined                    no-undef
  19:5   warning  'clearGraphs' is not defined              no-undef
  20:5   warning  'page1' is not defined                    no-undef
  21:5   warning  'page2' is not defined                    no-undef
  23:5   warning  'magFac' is not defined                   no-undef
  24:5   warning  'phaseAng' is not defined                 no-undef
  26:5   warning  'clear' is not defined                    no-undef
  26:13  warning  'createButton' is not defined             no-undef
  27:5   warning  'clear' is not defined                    no-undef
  29:7   warning  'button3' is not defined                  no-undef
  29:18  warning  'mouseX' is not defined                   no-undef
  29:26  warning  'mouseY' is not defined                   no-undef
  29:37  warning  'page2' is not defined                    no-undef
  30:5   warning  'clearGraphs' is not defined              no-undef
  31:5   warning  'page1' is not defined                    no-undef
  32:5   warning  'page2' is not defined                    no-undef
  34:5   warning  'clear' is not defined                    no-undef

/home/runner/work/exp-freedom-system-forced-vibration-nitk/exp-freedom-system-forced-vibration-nitk/experiment/simulation/js/graph.js
   1:7   warning  'Graph' is defined but never used  no-unused-vars
  22:9   warning  't' is not defined                 no-undef
  26:9   warning  'push' is not defined              no-undef
  28:9   warning  'beginShape' is not defined        no-undef
  29:9   warning  'stroke' is not defined            no-undef
  30:9   warning  'strokeWeight' is not defined      no-undef
  31:9   warning  'noFill' is not defined            no-undef
  33:13  warning  'vertex' is not defined            no-undef
  35:9   warning  'endShape' is not defined          no-undef
  37:9   warning  'stroke' is not defined            no-undef
  38:9   warning  'strokeWeight' is not defined      no-undef
  39:9   warning  'line' is not defined              no-undef
  40:9   warning  'line' is not defined              no-undef
  41:9   warning  'line' is not defined              no-undef
  43:9   warning  'fill' is not defined              no-undef
  44:9   warning  'strokeWeight' is not defined      no-undef
  45:9   warning  'textSize' is not defined          no-undef
  46:9   warning  'text' is not defined              no-undef
  47:9   warning  'translate' is not defined         no-undef
  48:9   warning  'rotate' is not defined            no-undef
  48:16  warning  'radians' is not defined           no-undef
  49:9   warning  'text' is not defined              no-undef
  51:9   warning  'pop' is not defined               no-undef

/home/runner/work/exp-freedom-system-forced-vibration-nitk/exp-freedom-system-forced-vibration-nitk/experiment/simulation/js/jquery-3.6.0.js
      5:44  warning  'module' is not defined                                                    no-undef
     13:5   warning  'module' is not defined                                                    no-undef
    130:13  warning  'Symbol' is already defined as a built-in global variable                  no-redeclare
    705:22  warning  Unexpected control character(s) in regular expression: \x1f, \x1f          no-control-regex
    767:50  warning  Empty block statement                                                      no-empty
   2173:38  warning  Do not access Object.prototype method 'hasOwnProperty' from target object  no-prototype-builtins
   3193:16  warning  Unnecessary escape character: \/                                           no-useless-escape
   3495:52  warning  Empty block statement                                                      no-empty
   4572:21  warning  Empty block statement                                                      no-empty
   5039:28  warning  Unnecessary escape character: \/                                           no-useless-escape
   5256:19  warning  Empty block statement                                                      no-empty
   6552:25  warning  Empty block statement                                                      no-empty
   9159:17  warning  Empty block statement                                                      no-empty
   9807:28  warning  'urlAnchor.href' is assigned to itself                                     no-self-assign
  10257:17  warning  Empty block statement                                                      no-empty
  11150:39  warning  'define' is not defined                                                    no-undef
  11151:5   warning  'define' is not defined                                                    no-undef

/home/runner/work/exp-freedom-system-forced-vibration-nitk/exp-freedom-system-forced-vibration-nitk/experiment/simulation/js/jquery-ui.js
      9:39  warning  'define' is not defined                                      no-undef
     11:5   warning  'define' is not defined                                      no-undef
     14:13  warning  'jQuery' is not defined                                      no-undef
     21:7   warning  'version' is assigned a value but never used                 no-unused-vars
    783:7   warning  'widget' is assigned a value but never used                  no-unused-vars
    808:19  warning  Unnecessary escape character: \+                             no-useless-escape
    808:21  warning  Unnecessary escape character: \-                             no-useless-escape
   1351:7   warning  'position' is assigned a value but never used                no-unused-vars
   1367:7   warning  'data' is assigned a value but never used                    no-unused-vars
   1396:7   warning  'disableSelection' is assigned a value but never used        no-unused-vars
   1438:23  warning  Unnecessary escape character: \-                             no-useless-escape
   1448:39  warning  Unnecessary escape character: \%                             no-useless-escape
   1448:63  warning  Unnecessary escape character: \%                             no-useless-escape
   1448:87  warning  Unnecessary escape character: \%                             no-useless-escape
   1485:61  warning  Unnecessary escape character: \%                             no-useless-escape
   1485:85  warning  Unnecessary escape character: \%                             no-useless-escape
   2064:29  warning  Empty block statement                                        no-empty
   3106:63  warning  Empty block statement                                        no-empty
   3142:7   warning  'effectsEffectBlind' is assigned a value but never used      no-unused-vars
   3203:7   warning  'effectsEffectBounce' is assigned a value but never used     no-unused-vars
   3295:7   warning  'effectsEffectClip' is assigned a value but never used       no-unused-vars
   3346:7   warning  'effectsEffectDrop' is assigned a value but never used       no-unused-vars
   3404:7   warning  'effectsEffectExplode' is assigned a value but never used    no-unused-vars
   3509:7   warning  'effectsEffectFade' is assigned a value but never used       no-unused-vars
   3546:7   warning  'effectsEffectFold' is assigned a value but never used       no-unused-vars
   3625:7   warning  'effectsEffectHighlight' is assigned a value but never used  no-unused-vars
   3669:7   warning  'effectsEffectSize' is assigned a value but never used       no-unused-vars
   3870:7   warning  'effectsEffectScale' is assigned a value but never used      no-unused-vars
   3915:7   warning  'effectsEffectPuff' is assigned a value but never used       no-unused-vars
   3943:7   warning  'effectsEffectPulsate' is assigned a value but never used    no-unused-vars
   3993:7   warning  'effectsEffectShake' is assigned a value but never used      no-unused-vars
   4048:7   warning  'effectsEffectSlide' is assigned a value but never used      no-unused-vars
   4113:7   warning  'effect' is already defined                                  no-redeclare
   4119:7   warning  'effectsEffectTransfer' is assigned a value but never used   no-unused-vars
   4195:7   warning  'focusable' is assigned a value but never used               no-unused-vars
   4200:7   warning  'form' is assigned a value but never used                    no-unused-vars
   4220:7   warning  'formResetMixin' is assigned a value but never used          no-unused-vars
   4297:22  warning  Unexpected control character(s) in regular expression: \x1f  no-control-regex
   4355:7   warning  'keycode' is assigned a value but never used                 no-unused-vars
   4388:7   warning  'labels' is assigned a value but never used                  no-unused-vars
   4441:7   warning  'scrollParent' is assigned a value but never used            no-unused-vars
   4478:7   warning  'tabbable' is assigned a value but never used                no-unused-vars
   4502:7   warning  'uniqueId' is assigned a value but never used                no-unused-vars
   4544:7   warning  'widgetsAccordion' is assigned a value but never used        no-unused-vars
   5173:7   warning  'safeActiveElement' is assigned a value but never used       no-unused-vars
   5219:7   warning  'widgetsMenu' is assigned a value but never used             no-unused-vars
   5925:13  warning  Unnecessary escape character: \-                             no-useless-escape
   5925:15  warning  Unnecessary escape character: \[                             no-useless-escape
   5925:30  warning  Unnecessary escape character: \^                             no-useless-escape
   6567:30  warning  Unnecessary escape character: \-                             no-useless-escape
   6567:32  warning  Unnecessary escape character: \[                             no-useless-escape
   6567:47  warning  Unnecessary escape character: \^                             no-useless-escape
   6612:7   warning  'widgetsAutocomplete' is assigned a value but never used     no-unused-vars
   6634:7   warning  'widgetsControlgroup' is assigned a value but never used     no-unused-vars
   7225:7   warning  'widgetsCheckboxradio' is assigned a value but never used    no-unused-vars
   7672:7   warning  'widgetsButton' is assigned a value but never used           no-unused-vars
   7907:51  warning  Unnecessary escape character: \-                             no-useless-escape
   8606:23  warning  Empty block statement                                        no-empty
   9312:18  warning  Unexpected constant condition                                no-constant-condition
   9609:27  warning  Unnecessary escape character: \-                             no-useless-escape
  10279:40  warning  Unnecessary escape character: \-                             no-useless-escape
  10281:32  warning  Unnecessary escape character: \-                             no-useless-escape
  10421:35  warning  Unnecessary escape character: \-                             no-useless-escape
  10424:35  warning  Unnecessary escape character: \-                             no-useless-escape
  10589:7   warning  'widgetsDatepicker' is assigned a value but never used       no-unused-vars
  10592:7   warning  'ie' is assigned a value but never used                      no-unused-vars
  10613:7   warning  'widgetsMouse' is assigned a value but never used            no-unused-vars
  10821:7   warning  'plugin' is assigned a value but never used                  no-unused-vars
  10854:7   warning  'safeBlur' is assigned a value but never used                no-unused-vars
  12155:7   warning  'widgetsDraggable' is assigned a value but never used        no-unused-vars
  13414:7   warning  'widgetsResizable' is assigned a value but never used        no-unused-vars
  14369:7   warning  'widgetsDialog' is assigned a value but never used           no-unused-vars
  14888:7   warning  'widgetsDroppable' is assigned a value but never used        no-unused-vars
  14910:7   warning  'widgetsProgressbar' is assigned a value but never used      no-unused-vars
  15067:7   warning  'widgetsSelectable' is assigned a value but never used       no-unused-vars
  15385:7   warning  'widgetsSelectmenu' is assigned a value but never used       no-unused-vars
  16084:7   warning  'widgetsSlider' is assigned a value but never used           no-unused-vars
  16876:7   warning  'widgetsSortable' is assigned a value but never used         no-unused-vars
  17487:33  warning  Unnecessary escape character: \-                             no-useless-escape
  19064:15  warning  'Globalize' is not defined                                   no-undef
  19075:11  warning  'Globalize' is not defined                                   no-undef
  19195:7   warning  'widgetsSpinner' is assigned a value but never used          no-unused-vars
  19251:25  warning  Empty block statement                                        no-empty
  19254:25  warning  Empty block statement                                        no-empty
  19493:38  warning  Unnecessary escape character: \/                             no-useless-escape
  19493:47  warning  Unnecessary escape character: \[                             no-useless-escape
  19493:51  warning  Unnecessary escape character: \^                             no-useless-escape
  20118:7   warning  'widgetsTabs' is assigned a value but never used             no-unused-vars
  20629:7   warning  'widgetsTooltip' is assigned a value but never used          no-unused-vars

/home/runner/work/exp-freedom-system-forced-vibration-nitk/exp-freedom-system-forced-vibration-nitk/experiment/simulation/js/jquery.ui.touch-punch.js
  174:4  warning  'jQuery' is not defined  no-undef

/home/runner/work/exp-freedom-system-forced-vibration-nitk/exp-freedom-system-forced-vibration-nitk/experiment/simulation/js/jquery.ui.touch-punch.min.js
  81:4  warning  'jQuery' is not defined  no-undef

/home/runner/work/exp-freedom-system-forced-vibration-nitk/exp-freedom-system-forced-vibration-nitk/experiment/simulation/js/p5.dom.js
    29:39  warning  'define' is not defined                          no-undef
    30:5   warning  'define' is not defined                          no-undef
    32:13  warning  'require' is not defined                         no-undef
   214:43  warning  'e' is defined but never used                    no-unused-vars
   289:39  warning  Invalid typeof comparison value                  valid-typeof
   579:20  warning  'i' is already defined                           no-redeclare
   674:13  warning  'ran' is assigned a value but never used         no-unused-vars
   692:18  warning  'i' is already defined                           no-redeclare
   707:18  warning  'i' is already defined                           no-redeclare
   796:7   warning  Move function declaration to function body root  no-inner-declarations
   803:11  warning  Move function declaration to function body root  no-inner-declarations
   810:12  warning  Unnecessary semicolon                            no-extra-semi
   838:9   warning  'src' is already defined                         no-redeclare
  1301:11  warning  'transform' is already defined                   no-redeclare
  1582:20  warning  'prop' is already defined                        no-redeclare

/home/runner/work/exp-freedom-system-forced-vibration-nitk/exp-freedom-system-forced-vibration-nitk/experiment/simulation/js/p5.js
      2:73    warning  'module' is not defined                                                    no-undef
      2:128   warning  'define' is not defined                                                    no-undef
      2:140   warning  'define' is not defined                                                    no-undef
      2:244   warning  'global' is not defined                                                    no-undef
      2:341   warning  'module' is defined but never used                                         no-unused-vars
      2:348   warning  'exports' is defined but never used                                        no-unused-vars
      2:452   warning  'require' is not defined                                                   no-undef
      2:752   warning  'require' is not defined                                                   no-undef
      2:819   warning  '_dereq_' is defined but never used                                        no-unused-vars
      2:827   warning  'module' is defined but never used                                         no-unused-vars
      2:834   warning  'exports' is defined but never used                                        no-unused-vars
    521:2     warning  Unnecessary semicolon                                                      no-extra-semi
   1163:66    warning  'global' is not defined                                                    no-undef
   2210:11    warning  'ArrayBuffer' is already defined as a built-in global variable             no-redeclare
   2210:24    warning  'DataView' is already defined as a built-in global variable                no-redeclare
   2210:34    warning  'Uint8Array' is already defined as a built-in global variable              no-redeclare
   2210:46    warning  'XMLHttpRequest' is already defined as a built-in global variable          no-redeclare
   2962:12    warning  Unexpected constant condition                                              no-constant-condition
   3038:15    warning  Do not access Object.prototype method 'hasOwnProperty' from target object  no-prototype-builtins
   4803:35    warning  'value2' is assigned a value but never used                                no-unused-vars
   5897:9     warning  'langTagCount' is assigned a value but never used                          no-unused-vars
   6709:11    warning  'WeakMap' is already defined as a built-in global variable                 no-redeclare
   7323:46    warning  'exports' is defined but never used                                        no-unused-vars
   7495:29    warning  'name' is defined but never used                                           no-unused-vars
   7500:27    warning  'dir' is defined but never used                                            no-unused-vars
   7505:20    warning  '_dereq_' is defined but never used                                        no-unused-vars
   7505:28    warning  'module' is defined but never used                                         no-unused-vars
   7505:35    warning  'exports' is defined but never used                                        no-unused-vars
   7542:40    warning  Do not access Object.prototype method 'isPrototypeOf' from target object   no-prototype-builtins
   7554:28    warning  Unnecessary escape character: \^                                           no-useless-escape
   7620:21    warning  Do not access Object.prototype method 'hasOwnProperty' from target object  no-prototype-builtins
   7629:20    warning  Do not access Object.prototype method 'hasOwnProperty' from target object  no-prototype-builtins
   7718:49    warning  Do not access Object.prototype method 'isPrototypeOf' from target object   no-prototype-builtins
   7720:57    warning  Do not access Object.prototype method 'isPrototypeOf' from target object   no-prototype-builtins
   7722:68    warning  Do not access Object.prototype method 'isPrototypeOf' from target object   no-prototype-builtins
   7728:64    warning  Do not access Object.prototype method 'isPrototypeOf' from target object   no-prototype-builtins
   7739:70    warning  Do not access Object.prototype method 'isPrototypeOf' from target object   no-prototype-builtins
   7968:35    warning  'exports' is defined but never used                                        no-unused-vars
   8062:1291  warning  'exports' is defined but never used                                        no-unused-vars
   8315:52    warning  'exports' is defined but never used                                        no-unused-vars
   8894:91    warning  'exports' is defined but never used                                        no-unused-vars
   9500:99    warning  'exports' is defined but never used                                        no-unused-vars
  10134:91    warning  'exports' is defined but never used                                        no-unused-vars
  10646:98    warning  'exports' is defined but never used                                        no-unused-vars
  10977:63    warning  'exports' is defined but never used                                        no-unused-vars
  11013:51    warning  'exports' is defined but never used                                        no-unused-vars
  11234:35    warning  'exports' is defined but never used                                        no-unused-vars
  11684:20    warning  Do not access Object.prototype method 'hasOwnProperty' from target object  no-prototype-builtins
  11715:27    warning  Do not access Object.prototype method 'hasOwnProperty' from target object  no-prototype-builtins
  11716:20    warning  Do not access Object.prototype method 'hasOwnProperty' from target object  no-prototype-builtins
  11730:16    warning  Do not access Object.prototype method 'hasOwnProperty' from target object  no-prototype-builtins
  11808:37    warning  Do not access Object.prototype method 'hasOwnProperty' from target object  no-prototype-builtins
  11814:40    warning  Do not access Object.prototype method 'hasOwnProperty' from target object  no-prototype-builtins
  11894:63    warning  'exports' is defined but never used                                        no-unused-vars
  12395:67    warning  'exports' is defined but never used                                        no-unused-vars
  13069:63    warning  'exports' is defined but never used                                        no-unused-vars
  13340:63    warning  'exports' is defined but never used                                        no-unused-vars
  14223:46    warning  'exports' is defined but never used                                        no-unused-vars
  14299:63    warning  'exports' is defined but never used                                        no-unused-vars
  14511:14    warning  Expected a conditional expression and instead saw an assignment            no-cond-assign
  14521:69    warning  'exports' is defined but never used                                        no-unused-vars
  15814:118   warning  'exports' is defined but never used                                        no-unused-vars
  16120:116   warning  '_dereq_' is defined but never used                                        no-unused-vars
  16120:124   warning  'module' is defined but never used                                         no-unused-vars
  16120:131   warning  'exports' is defined but never used                                        no-unused-vars
  16129:28    warning  'element' is defined but never used                                        no-unused-vars
  16203:35    warning  'exports' is defined but never used                                        no-unused-vars
  16575:46    warning  'exports' is defined but never used                                        no-unused-vars
  16971:63    warning  'exports' is defined but never used                                        no-unused-vars
  17284:38    warning  'x2' is defined but never used                                             no-unused-vars
  17284:42    warning  'y2' is defined but never used                                             no-unused-vars
  17284:46    warning  'x3' is defined but never used                                             no-unused-vars
  17284:50    warning  'y3' is defined but never used                                             no-unused-vars
  17284:54    warning  'x4' is defined but never used                                             no-unused-vars
  17284:58    warning  'y4' is defined but never used                                             no-unused-vars
  17607:63    warning  'exports' is defined but never used                                        no-unused-vars
  18200:52    warning  'exports' is defined but never used                                        no-unused-vars
  18510:34    warning  'e' is defined but never used                                              no-unused-vars
  18572:18    warning  Do not access Object.prototype method 'hasOwnProperty' from target object  no-prototype-builtins
  18581:52    warning  'exports' is defined but never used                                        no-unused-vars
  19347:75    warning  'exports' is defined but never used                                        no-unused-vars
  19592:52    warning  'exports' is defined but never used                                        no-unused-vars
  19593:10    warning  'ImageData' is already defined as a built-in global variable               no-redeclare
  20195:35    warning  'exports' is defined but never used                                        no-unused-vars
  20212:11    warning  'frames' is already defined as a built-in global variable                  no-redeclare
  20212:11    warning  'frames' is defined but never used                                         no-unused-vars
  20532:52    warning  'exports' is defined but never used                                        no-unused-vars
  20994:137   warning  'exports' is defined but never used                                        no-unused-vars
  21701:67    warning  'exports' is defined but never used                                        no-unused-vars
  22318:90    warning  'exports' is defined but never used                                        no-unused-vars
  22326:12    warning  'Request' is already defined as a built-in global variable                 no-redeclare
  22589:47    warning  Do not access Object.prototype method 'hasOwnProperty' from target object  no-prototype-builtins
  22831:18    warning  Unnecessary escape character: \"                                           no-useless-escape
  22862:12    warning  Unexpected constant condition                                              no-constant-condition
  23205:14    warning  Do not access Object.prototype method 'hasOwnProperty' from target object  no-prototype-builtins
  23274:30    warning  'msg' is defined but never used                                            no-unused-vars
  23446:31    warning  'object' is defined but never used                                         no-unused-vars
  23446:39    warning  '_filename' is defined but never used                                      no-unused-vars
  23446:50    warning  '_options' is defined but never used                                       no-unused-vars
  23708:35    warning  Unnecessary escape character: \"                                           no-useless-escape
  23708:49    warning  Unnecessary escape character: \"                                           no-useless-escape
  23709:14    warning  Unnecessary escape character: \"                                           no-useless-escape
  23709:39    warning  Unnecessary escape character: \"                                           no-useless-escape
  23759:26    warning  Unnecessary escape character: \/                                           no-useless-escape
  23761:17    warning  Unnecessary escape character: \/                                           no-useless-escape
  23803:48    warning  Unnecessary escape character: \"                                           no-useless-escape
  23803:61    warning  Unnecessary escape character: \"                                           no-useless-escape
  23867:146   warning  'exports' is defined but never used                                        no-unused-vars
  23913:22    warning  'rows' is defined but never used                                           no-unused-vars
  24547:25    warning  Unnecessary escape character: \/                                           no-useless-escape
  25026:52    warning  'exports' is defined but never used                                        no-unused-vars
  25196:52    warning  'exports' is defined but never used                                        no-unused-vars
  25995:52    warning  'exports' is defined but never used                                        no-unused-vars
  26744:16    warning  'x' is defined but never used                                              no-unused-vars
  26744:19    warning  'y' is defined but never used                                              no-unused-vars
  26744:22    warning  'z' is defined but never used                                              no-unused-vars
  26785:52    warning  'exports' is defined but never used                                        no-unused-vars
  26819:52    warning  'exports' is defined but never used                                        no-unused-vars
  27122:52    warning  'exports' is defined but never used                                        no-unused-vars
  28177:96    warning  'exports' is defined but never used                                        no-unused-vars
  28191:35    warning  'exports' is defined but never used                                        no-unused-vars
  28438:52    warning  'exports' is defined but never used                                        no-unused-vars
  28796:96    warning  'exports' is defined but never used                                        no-unused-vars
  28847:35    warning  'horizAlign' is defined but never used                                     no-unused-vars
  28847:47    warning  'vertAlign' is defined but never used                                      no-unused-vars
  28880:37    warning  'theLeading' is defined but never used                                     no-unused-vars
  28907:34    warning  'theSize' is defined but never used                                        no-unused-vars
  28938:35    warning  'theStyle' is defined but never used                                       no-unused-vars
  29041:52    warning  'exports' is defined but never used                                        no-unused-vars
  29108:30    warning  'str' is defined but never used                                            no-unused-vars
  29108:35    warning  'x' is defined but never used                                              no-unused-vars
  29108:38    warning  'y' is defined but never used                                              no-unused-vars
  29108:41    warning  'maxWidth' is defined but never used                                       no-unused-vars
  29108:51    warning  'maxHeight' is defined but never used                                      no-unused-vars
  29183:102   warning  'exports' is defined but never used                                        no-unused-vars
  29305:31    warning  'gFontSize' is defined but never used                                      no-unused-vars
  29823:5     warning  Unexpected newline between function and ( of function call                 no-unexpected-multiline
  30076:9     warning  Unexpected newline between function and ( of function call                 no-unexpected-multiline
  30257:75    warning  'exports' is defined but never used                                        no-unused-vars
  30605:52    warning  'exports' is defined but never used                                        no-unused-vars
  30876:52    warning  'exports' is defined but never used                                        no-unused-vars
  31411:52    warning  'exports' is defined but never used                                        no-unused-vars
  31580:52    warning  'exports' is defined but never used                                        no-unused-vars
  31723:52    warning  'exports' is defined but never used                                        no-unused-vars
  31739:52    warning  'exports' is defined but never used                                        no-unused-vars
  31780:38    warning  'v1' is defined but never used                                             no-unused-vars
  31780:42    warning  'v2' is defined but never used                                             no-unused-vars
  31780:46    warning  'v3' is defined but never used                                             no-unused-vars
  31780:50    warning  'a' is defined but never used                                              no-unused-vars
  31846:54    warning  'a' is defined but never used                                              no-unused-vars
  31846:57    warning  'x' is defined but never used                                              no-unused-vars
  31846:60    warning  'y' is defined but never used                                              no-unused-vars
  31846:63    warning  'z' is defined but never used                                              no-unused-vars
  31876:5     warning  Unnecessary try/catch wrapper                                              no-useless-catch
  31947:48    warning  'a' is defined but never used                                              no-unused-vars
  31947:51    warning  'x' is defined but never used                                              no-unused-vars
  31947:54    warning  'y' is defined but never used                                              no-unused-vars
  31947:57    warning  'z' is defined but never used                                              no-unused-vars
  31977:5     warning  Unnecessary try/catch wrapper                                              no-useless-catch
  32008:52    warning  'exports' is defined but never used                                        no-unused-vars
  32241:71    warning  'exports' is defined but never used                                        no-unused-vars
  32488:41    warning  'v1' is defined but never used                                             no-unused-vars
  32488:45    warning  'v2' is defined but never used                                             no-unused-vars
  32488:49    warning  'v3' is defined but never used                                             no-unused-vars
  32488:53    warning  'a' is defined but never used                                              no-unused-vars
  32542:42    warning  'v1' is defined but never used                                             no-unused-vars
  32542:46    warning  'v2' is defined but never used                                             no-unused-vars
  32542:50    warning  'v3' is defined but never used                                             no-unused-vars
  32542:54    warning  'a' is defined but never used                                              no-unused-vars
  32570:53    warning  'v1' is defined but never used                                             no-unused-vars
  32570:56    warning  'v2' is defined but never used                                             no-unused-vars
  32570:59    warning  'v3' is defined but never used                                             no-unused-vars
  32570:62    warning  'a' is defined but never used                                              no-unused-vars
  32589:52    warning  'exports' is defined but never used                                        no-unused-vars
  32769:52    warning  'exports' is defined but never used                                        no-unused-vars
  33479:102   warning  'exports' is defined but never used                                        no-unused-vars
  33552:16    warning  'isCurve' is defined but never used                                        no-unused-vars
  33552:25    warning  'isBezier' is defined but never used                                       no-unused-vars
  33552:34    warning  'isQuadratic' is defined but never used                                    no-unused-vars
  33552:47    warning  'isContour' is defined but never used                                      no-unused-vars
  33552:58    warning  'shapeKind' is defined but never used                                      no-unused-vars
  33663:75    warning  'exports' is defined but never used                                        no-unused-vars
  33822:52    warning  'exports' is defined but never used                                        no-unused-vars
  34132:41    warning  'v1' is defined but never used                                             no-unused-vars
  34132:45    warning  'v2' is defined but never used                                             no-unused-vars
  34132:49    warning  'v3' is defined but never used                                             no-unused-vars
  34132:53    warning  'a' is defined but never used                                              no-unused-vars
  34160:43    warning  'r' is defined but never used                                              no-unused-vars
  34160:46    warning  'g' is defined but never used                                              no-unused-vars
  34160:49    warning  'b' is defined but never used                                              no-unused-vars
  34160:52    warning  'a' is defined but never used                                              no-unused-vars
  34312:108   warning  'exports' is defined but never used                                        no-unused-vars
  34464:11    warning  'id' is assigned a value but never used                                    no-unused-vars
  34898:42    warning  'x' is defined but never used                                              no-unused-vars
  34898:45    warning  'y' is defined but never used                                              no-unused-vars
  34898:48    warning  'z' is defined but never used                                              no-unused-vars
  35104:71    warning  'exports' is defined but never used                                        no-unused-vars

/home/runner/work/exp-freedom-system-forced-vibration-nitk/exp-freedom-system-forced-vibration-nitk/experiment/simulation/js/page1.js
    2:10  warning  'runPage1' is defined but never used  no-unused-vars
    3:3   warning  'background' is not defined           no-undef
    6:3   warning  'stroke' is not defined               no-undef
    8:3   warning  'fill' is not defined                 no-undef
    9:3   warning  'push' is not defined                 no-undef
   20:3   warning  'push' is not defined                 no-undef
   21:3   warning  'stroke' is not defined               no-undef
   32:3   warning  'pop' is not defined                  no-undef
   33:3   warning  'F0' is not defined                   no-undef
   33:8   warning  '$' is not defined                    no-undef
   34:3   warning  'w' is not defined                    no-undef
   34:7   warning  '$' is not defined                    no-undef
   35:3   warning  'm1' is not defined                   no-undef
   35:8   warning  '$' is not defined                    no-undef
   36:3   warning  'k1' is not defined                   no-undef
   36:8   warning  '$' is not defined                    no-undef
   37:3   warning  'm2' is not defined                   no-undef
   37:8   warning  '$' is not defined                    no-undef
   38:3   warning  'k2' is not defined                   no-undef
   38:8   warning  '$' is not defined                    no-undef
   39:3   warning  'spring1' is not defined              no-undef
   39:22  warning  'F0' is not defined                   no-undef
   39:25  warning  'w' is not defined                    no-undef
   39:27  warning  'm1' is not defined                   no-undef
   39:30  warning  'k1' is not defined                   no-undef
   39:33  warning  'm2' is not defined                   no-undef
   39:38  warning  'k2' is not defined                   no-undef
   40:3   warning  'spring1' is not defined              no-undef
   40:18  warning  't' is not defined                    no-undef
   40:21  warning  'factor' is not defined               no-undef
   41:3   warning  'spring1' is not defined              no-undef
   43:3   warning  'text' is not defined                 no-undef
   43:32  warning  'spring1' is not defined              no-undef
   44:3   warning  'text' is not defined                 no-undef
   44:32  warning  'spring1' is not defined              no-undef
   45:3   warning  'text' is not defined                 no-undef
   45:32  warning  'spring1' is not defined              no-undef
   46:3   warning  'text' is not defined                 no-undef
   46:32  warning  'spring1' is not defined              no-undef
   48:3   warning  'position_graph1' is not defined      no-undef
   48:26  warning  'spring1' is not defined              no-undef
   49:3   warning  'position_graph1' is not defined      no-undef
   51:3   warning  'position_graph2' is not defined      no-undef
   51:26  warning  'spring1' is not defined              no-undef
   52:3   warning  'position_graph2' is not defined      no-undef
   54:3   warning  'strokeWeight' is not defined         no-undef
   56:3   warning  'textSize' is not defined             no-undef
   57:3   warning  'textFont' is not defined             no-undef
   58:3   warning  'fill' is not defined                 no-undef
   66:43  warning  'spring1' is not defined              no-undef
   67:47  warning  'spring1' is not defined              no-undef
   68:49  warning  'spring1' is not defined              no-undef
   68:61  warning  'spring1' is not defined              no-undef
   69:49  warning  'spring1' is not defined              no-undef
   69:61  warning  'spring1' is not defined              no-undef
   70:48  warning  'abs' is not defined                  no-undef
   70:52  warning  'spring1' is not defined              no-undef
   71:48  warning  'abs' is not defined                  no-undef
   71:52  warning  'spring1' is not defined              no-undef
   72:50  warning  'spring1' is not defined              no-undef
   72:63  warning  'spring1' is not defined              no-undef
   73:52  warning  'spring1' is not defined              no-undef
   73:63  warning  'spring1' is not defined              no-undef
   87:3   warning  'fill' is not defined                 no-undef
   88:3   warning  'textSize' is not defined             no-undef
   89:3   warning  'strokeWeight' is not defined         no-undef
   90:3   warning  'textFont' is not defined             no-undef
   91:3   warning  'text' is not defined                 no-undef
   92:6   warning  'abs' is not defined                  no-undef
   92:10  warning  'spring1' is not defined              no-undef
   92:20  warning  'spring1' is not defined              no-undef
   92:40  warning  'abs' is not defined                  no-undef
   92:44  warning  'spring1' is not defined              no-undef
   92:56  warning  'spring1' is not defined              no-undef
   95:5   warning  'strokeWeight' is not defined         no-undef
  109:9   warning  'spring1' is not defined              no-undef
  109:34  warning  'spring1' is not defined              no-undef
  109:56  warning  'spring1' is not defined              no-undef
  109:82  warning  'spring1' is not defined              no-undef
  111:21  warning  'spring1' is not defined              no-undef
  112:9   warning  'textSize' is not defined             no-undef
  113:9   warning  'strokeWeight' is not defined         no-undef
  114:9   warning  'stroke' is not defined               no-undef
  115:9   warning  'text' is not defined                 no-undef
  133:9   warning  'spring1' is not defined              no-undef
  133:34  warning  'spring1' is not defined              no-undef
  133:56  warning  'spring1' is not defined              no-undef
  133:82  warning  'spring1' is not defined              no-undef
  135:21  warning  'spring1' is not defined              no-undef
  136:9   warning  'textSize' is not defined             no-undef
  137:9   warning  'strokeWeight' is not defined         no-undef
  138:9   warning  'stroke' is not defined               no-undef
  139:9   warning  'text' is not defined                 no-undef
  153:3   warning  't' is not defined                    no-undef
  153:7   warning  't' is not defined                    no-undef
  153:11  warning  'dt' is not defined                   no-undef

/home/runner/work/exp-freedom-system-forced-vibration-nitk/exp-freedom-system-forced-vibration-nitk/experiment/simulation/js/page2.js
    1:10  warning  'clearMe' is defined but never used       no-unused-vars
    2:5   warning  'magFac' is not defined                   no-undef
    3:5   warning  'phaseAng' is not defined                 no-undef
    4:5   warning  'magFac' is not defined                   no-undef
    5:5   warning  'phaseAng' is not defined                 no-undef
   47:10  warning  'runPage2' is defined but never used      no-unused-vars
   48:5   warning  'background' is not defined               no-undef
   50:5   warning  'strokeWeight' is not defined             no-undef
   53:5   warning  'push' is not defined                     no-undef
   54:5   warning  'textSize' is not defined                 no-undef
   55:5   warning  'textFont' is not defined                 no-undef
   57:5   warning  'fill' is not defined                     no-undef
   58:5   warning  'stroke' is not defined                   no-undef
   59:5   warning  'strokeWeight' is not defined             no-undef
   60:5   warning  'text' is not defined                     no-undef
   61:5   warning  'text' is not defined                     no-undef
   63:5   warning  'textSize' is not defined                 no-undef
   67:5   warning  'pop' is not defined                      no-undef
   77:47  warning  'spring1' is not defined                  no-undef
   78:47  warning  'spring1' is not defined                  no-undef
   79:49  warning  'spring1' is not defined                  no-undef
   79:61  warning  'spring1' is not defined                  no-undef
   80:49  warning  'spring1' is not defined                  no-undef
   80:61  warning  'spring1' is not defined                  no-undef
   81:48  warning  'abs' is not defined                      no-undef
   81:52  warning  'spring1' is not defined                  no-undef
   82:48  warning  'abs' is not defined                      no-undef
   82:52  warning  'spring1' is not defined                  no-undef
   83:50  warning  'spring1' is not defined                  no-undef
   83:63  warning  'spring1' is not defined                  no-undef
   84:52  warning  'spring1' is not defined                  no-undef
   84:63  warning  'spring1' is not defined                  no-undef
   88:5   warning  'F0' is not defined                       no-undef
   88:10  warning  '$' is not defined                        no-undef
   89:5   warning  'w' is not defined                        no-undef
   89:9   warning  '$' is not defined                        no-undef
   90:5   warning  'm1' is not defined                       no-undef
   90:10  warning  '$' is not defined                        no-undef
   91:5   warning  'k1' is not defined                       no-undef
   91:10  warning  '$' is not defined                        no-undef
   92:5   warning  'm2' is not defined                       no-undef
   92:10  warning  '$' is not defined                        no-undef
   93:5   warning  'k2' is not defined                       no-undef
   93:10  warning  '$' is not defined                        no-undef
   94:5   warning  'spring1' is not defined                  no-undef
   94:24  warning  'F0' is not defined                       no-undef
   94:27  warning  'w' is not defined                        no-undef
   94:29  warning  'm1' is not defined                       no-undef
   94:32  warning  'k1' is not defined                       no-undef
   94:35  warning  'm2' is not defined                       no-undef
   94:40  warning  'k2' is not defined                       no-undef
   95:5   warning  'spring1' is not defined                  no-undef
   95:20  warning  't' is not defined                        no-undef
   95:22  warning  'factor' is not defined                   no-undef
   97:9   warning  'sketchCanvas' is defined but never used  no-unused-vars
  100:5   warning  'textFont' is not defined                 no-undef
  101:5   warning  'textSize' is not defined                 no-undef
  102:5   warning  'strokeWeight' is not defined             no-undef
  103:5   warning  'stroke' is not defined                   no-undef
  104:5   warning  'text' is not defined                     no-undef
  105:5   warning  'textSize' is not defined                 no-undef
  106:5   warning  'strokeWeight' is not defined             no-undef
  107:5   warning  'stroke' is not defined                   no-undef
  108:5   warning  'line' is not defined                     no-undef
  110:5   warning  'line' is not defined                     no-undef
  112:5   warning  'textSize' is not defined                 no-undef
  113:5   warning  'fill' is not defined                     no-undef
  114:5   warning  'text' is not defined                     no-undef
  115:5   warning  'text' is not defined                     no-undef
  117:8   warning  'abs' is not defined                      no-undef
  117:12  warning  'spring1' is not defined                  no-undef
  117:22  warning  'spring1' is not defined                  no-undef
  117:42  warning  'abs' is not defined                      no-undef
  117:46  warning  'spring1' is not defined                  no-undef
  117:58  warning  'spring1' is not defined                  no-undef
  120:5   warning  'strokeWeight' is not defined             no-undef
  122:5   warning  'line' is not defined                     no-undef
  123:5   warning  'stroke' is not defined                   no-undef
  125:5   warning  'line' is not defined                     no-undef
  125:23  warning  'spring1' is not defined                  no-undef
  126:5   warning  'line' is not defined                     no-undef
  126:23  warning  'spring1' is not defined                  no-undef
  127:17  warning  'spring1' is not defined                  no-undef
  129:5   warning  'stroke' is not defined                   no-undef
  130:5   warning  'line' is not defined                     no-undef
  130:23  warning  'spring1' is not defined                  no-undef
  131:5   warning  'line' is not defined                     no-undef
  131:15  warning  'spring1' is not defined                  no-undef
  131:40  warning  'spring1' is not defined                  no-undef
  132:5   warning  'line' is not defined                     no-undef
  132:15  warning  'spring1' is not defined                  no-undef
  134:9   warning  'spring1' is not defined                  no-undef
  134:34  warning  'spring1' is not defined                  no-undef
  134:56  warning  'spring1' is not defined                  no-undef
  134:82  warning  'spring1' is not defined                  no-undef
  136:21  warning  'spring1' is not defined                  no-undef
  137:9   warning  'textSize' is not defined                 no-undef
  138:9   warning  'strokeWeight' is not defined             no-undef
  139:9   warning  'stroke' is not defined                   no-undef
  140:9   warning  'text' is not defined                     no-undef
  146:5   warning  'strokeWeight' is not defined             no-undef
  147:5   warning  'stroke' is not defined                   no-undef
  148:5   warning  'line' is not defined                     no-undef
  149:4   warning  'stroke' is not defined                   no-undef
  152:5   warning  'line' is not defined                     no-undef
  152:23  warning  'spring1' is not defined                  no-undef
  153:5   warning  'line' is not defined                     no-undef
  153:23  warning  'spring1' is not defined                  no-undef
  154:5   warning  'stroke' is not defined                   no-undef
  155:5   warning  'line' is not defined                     no-undef
  155:23  warning  'spring1' is not defined                  no-undef
  156:5   warning  'line' is not defined                     no-undef
  156:15  warning  'spring1' is not defined                  no-undef
  156:40  warning  'spring1' is not defined                  no-undef
  157:5   warning  'line' is not defined                     no-undef
  157:15  warning  'spring1' is not defined                  no-undef
  158:9   warning  'spring1' is not defined                  no-undef
  158:34  warning  'spring1' is not defined                  no-undef
  158:56  warning  'spring1' is not defined                  no-undef
  158:82  warning  'spring1' is not defined                  no-undef
  160:21  warning  'spring1' is not defined                  no-undef
  161:9   warning  'textSize' is not defined                 no-undef
  162:9   warning  'strokeWeight' is not defined             no-undef
  163:9   warning  'stroke' is not defined                   no-undef
  164:9   warning  'text' is not defined                     no-undef
  169:8   warning  'abs' is not defined                      no-undef
  169:12  warning  'spring1' is not defined                  no-undef
  169:22  warning  'spring1' is not defined                  no-undef
  171:9   warning  'strokeWeight' is not defined             no-undef
  172:9   warning  'textSize' is not defined                 no-undef
  173:9   warning  'stroke' is not defined                   no-undef
  174:9   warning  'fill' is not defined                     no-undef
  175:9   warning  'text' is not defined                     no-undef
  176:9   warning  'text' is not defined                     no-undef
  176:39  warning  'spring1' is not defined                  no-undef
  176:50  warning  'spring1' is not defined                  no-undef
  179:8   warning  'abs' is not defined                      no-undef
  179:12  warning  'spring1' is not defined                  no-undef
  179:22  warning  'spring1' is not defined                  no-undef
  181:9   warning  'strokeWeight' is not defined             no-undef
  182:9   warning  'textSize' is not defined                 no-undef
  183:9   warning  'stroke' is not defined                   no-undef
  184:9   warning  'fill' is not defined                     no-undef
  185:9   warning  'text' is not defined                     no-undef
  186:9   warning  'text' is not defined                     no-undef
  186:39  warning  'spring1' is not defined                  no-undef
  186:50  warning  'spring1' is not defined                  no-undef
  200:5   warning  't' is not defined                        no-undef
  200:9   warning  't' is not defined                        no-undef
  200:11  warning  'dt' is not defined                       no-undef

/home/runner/work/exp-freedom-system-forced-vibration-nitk/exp-freedom-system-forced-vibration-nitk/experiment/simulation/js/page3.js
  33:10  warning  'runPage3' is defined but never used  no-unused-vars
  34:3   warning  'background' is not defined           no-undef
  35:3   warning  'F0' is not defined                   no-undef
  35:8   warning  '$' is not defined                    no-undef
  36:3   warning  'w' is not defined                    no-undef
  36:7   warning  '$' is not defined                    no-undef
  37:3   warning  'm1' is not defined                   no-undef
  37:8   warning  '$' is not defined                    no-undef
  38:3   warning  'k1' is not defined                   no-undef
  38:8   warning  '$' is not defined                    no-undef
  39:3   warning  'm2' is not defined                   no-undef
  39:8   warning  '$' is not defined                    no-undef
  40:3   warning  'k2' is not defined                   no-undef
  40:8   warning  '$' is not defined                    no-undef
  44:3   warning  'stroke' is not defined               no-undef
  45:3   warning  'fill' is not defined                 no-undef
  47:3   warning  'fill' is not defined                 no-undef
  48:3   warning  'push' is not defined                 no-undef
  49:3   warning  'textSize' is not defined             no-undef
  50:3   warning  'textFont' is not defined             no-undef
  51:3   warning  'text' is not defined                 no-undef
  52:3   warning  'text' is not defined                 no-undef
  55:3   warning  'textSize' is not defined             no-undef
  56:3   warning  'text' is not defined                 no-undef
  57:3   warning  'text' is not defined                 no-undef
  58:3   warning  'pop' is not defined                  no-undef
  60:3   warning  'textSize' is not defined             no-undef
  61:3   warning  'fill' is not defined                 no-undef
  62:3   warning  'strokeWeight' is not defined         no-undef
  63:3   warning  'text' is not defined                 no-undef
  63:18  warning  'spring1' is not defined              no-undef
  64:3   warning  'text' is not defined                 no-undef
  64:18  warning  'spring1' is not defined              no-undef
  65:3   warning  'text' is not defined                 no-undef
  65:21  warning  'spring1' is not defined              no-undef
  65:31  warning  'spring1' is not defined              no-undef
  67:3   warning  'text' is not defined                 no-undef
  67:23  warning  'abs' is not defined                  no-undef
  67:27  warning  'spring1' is not defined              no-undef
  67:39  warning  'spring1' is not defined              no-undef
  67:50  warning  'spring1' is not defined              no-undef
  68:3   warning  'text' is not defined                 no-undef
  68:19  warning  'abs' is not defined                  no-undef
  68:23  warning  'spring1' is not defined              no-undef
  69:3   warning  'text' is not defined                 no-undef
  69:21  warning  'spring1' is not defined              no-undef
  69:32  warning  'spring1' is not defined              no-undef
  71:3   warning  'strokeWeight' is not defined         no-undef
  72:3   warning  'line' is not defined                 no-undef
  73:3   warning  'line' is not defined                 no-undef
  74:3   warning  'spring1' is not defined              no-undef
  74:22  warning  'F0' is not defined                   no-undef
  74:29  warning  'w' is not defined                    no-undef
  74:35  warning  'k1' is not defined                   no-undef
  74:42  warning  'm1' is not defined                   no-undef
  74:49  warning  'k2' is not defined                   no-undef
  74:56  warning  'm2' is not defined                   no-undef
  75:3   warning  'spring1' is not defined              no-undef
  75:18  warning  't' is not defined                    no-undef
  75:21  warning  'factor' is not defined               no-undef
  83:3   warning  'stroke' is not defined               no-undef
  84:3   warning  'fill' is not defined                 no-undef
  85:3   warning  'rect' is not defined                 no-undef
  95:3   warning  't' is not defined                    no-undef
  95:7   warning  't' is not defined                    no-undef
  95:9   warning  'dt' is not defined                   no-undef

/home/runner/work/exp-freedom-system-forced-vibration-nitk/exp-freedom-system-forced-vibration-nitk/experiment/simulation/js/script.js
    1:5   warning  'k' is assigned a value but never used  no-unused-vars
    1:8   warning  'm' is assigned a value but never used  no-unused-vars
    1:11  warning  'z' is assigned a value but never used  no-unused-vars
    1:14  warning  'y' is assigned a value but never used  no-unused-vars
    1:17  warning  'w' is assigned a value but never used  no-unused-vars
    1:20  warning  'h' is assigned a value but never used  no-unused-vars
    3:10  warning  'varinit' is defined but never used     no-unused-vars
    5:3   warning  '$' is not defined                      no-undef
    9:3   warning  '$' is not defined                      no-undef
   13:3   warning  '$' is not defined                      no-undef
   17:3   warning  '$' is not defined                      no-undef
   21:3   warning  '$' is not defined                      no-undef
   25:3   warning  '$' is not defined                      no-undef
   28:3   warning  '$' is not defined                      no-undef
   38:3   warning  '$' is not defined                      no-undef
   39:3   warning  '$' is not defined                      no-undef
   41:3   warning  '$' is not defined                      no-undef
   42:3   warning  '$' is not defined                      no-undef
   44:3   warning  '$' is not defined                      no-undef
   45:3   warning  '$' is not defined                      no-undef
   47:3   warning  '$' is not defined                      no-undef
   48:3   warning  '$' is not defined                      no-undef
   50:3   warning  '$' is not defined                      no-undef
   51:3   warning  '$' is not defined                      no-undef
   53:3   warning  '$' is not defined                      no-undef
   54:3   warning  '$' is not defined                      no-undef
   61:3   warning  '$' is not defined                      no-undef
   62:3   warning  '$' is not defined                      no-undef
   65:3   warning  '$' is not defined                      no-undef
   66:5   warning  '$' is not defined                      no-undef
   67:5   warning  'ptx' is not defined                    no-undef
   68:5   warning  'pty' is not defined                    no-undef
   70:3   warning  '$' is not defined                      no-undef
   71:5   warning  '$' is not defined                      no-undef
   72:5   warning  'ptx' is not defined                    no-undef
   73:5   warning  'pty' is not defined                    no-undef
   75:3   warning  '$' is not defined                      no-undef
   80:3   warning  '$' is not defined                      no-undef
   81:3   warning  '$' is not defined                      no-undef
   84:3   warning  '$' is not defined                      no-undef
   85:5   warning  '$' is not defined                      no-undef
   86:5   warning  'ptx' is not defined                    no-undef
   87:5   warning  'pty' is not defined                    no-undef
   89:3   warning  '$' is not defined                      no-undef
   90:5   warning  '$' is not defined                      no-undef
   91:5   warning  'ptx' is not defined                    no-undef
   92:5   warning  'pty' is not defined                    no-undef
   94:3   warning  '$' is not defined                      no-undef
   99:3   warning  '$' is not defined                      no-undef
  100:3   warning  '$' is not defined                      no-undef
  103:3   warning  '$' is not defined                      no-undef
  104:5   warning  '$' is not defined                      no-undef
  105:5   warning  'ptx' is not defined                    no-undef
  106:5   warning  'pty' is not defined                    no-undef
  108:3   warning  '$' is not defined                      no-undef
  109:5   warning  '$' is not defined                      no-undef
  110:5   warning  'ptx' is not defined                    no-undef
  111:5   warning  'pty' is not defined                    no-undef
  113:3   warning  '$' is not defined                      no-undef
  118:3   warning  '$' is not defined                      no-undef
  119:3   warning  '$' is not defined                      no-undef
  122:3   warning  '$' is not defined                      no-undef
  123:5   warning  '$' is not defined                      no-undef
  124:5   warning  'ptx' is not defined                    no-undef
  125:5   warning  'pty' is not defined                    no-undef
  127:3   warning  '$' is not defined                      no-undef
  128:5   warning  '$' is not defined                      no-undef
  129:5   warning  'ptx' is not defined                    no-undef
  130:5   warning  'pty' is not defined                    no-undef
  132:3   warning  '$' is not defined                      no-undef
  137:3   warning  '$' is not defined                      no-undef
  138:3   warning  '$' is not defined                      no-undef
  141:3   warning  '$' is not defined                      no-undef
  142:5   warning  '$' is not defined                      no-undef
  143:5   warning  'ptx' is not defined                    no-undef
  144:5   warning  'pty' is not defined                    no-undef
  146:3   warning  '$' is not defined                      no-undef
  147:5   warning  '$' is not defined                      no-undef
  148:5   warning  'ptx' is not defined                    no-undef
  149:5   warning  'pty' is not defined                    no-undef
  152:3   warning  '$' is not defined                      no-undef
  162:3   warning  '$' is not defined                      no-undef
  163:3   warning  '$' is not defined                      no-undef
  166:3   warning  '$' is not defined                      no-undef
  167:5   warning  '$' is not defined                      no-undef
  168:5   warning  'ptx' is not defined                    no-undef
  169:5   warning  'pty' is not defined                    no-undef
  171:3   warning  '$' is not defined                      no-undef
  172:5   warning  '$' is not defined                      no-undef
  173:5   warning  'ptx' is not defined                    no-undef
  174:5   warning  'pty' is not defined                    no-undef
  177:3   warning  '$' is not defined                      no-undef
  183:17  warning  '$' is not defined                      no-undef
  186:5   warning  '$' is not defined                      no-undef
  190:3   warning  '$' is not defined                      no-undef
  192:5   warning  '$' is not defined                      no-undef
  194:3   warning  '$' is not defined                      no-undef
  194:36  warning  '$' is not defined                      no-undef
  195:3   warning  '$' is not defined                      no-undef
  195:39  warning  '$' is not defined                      no-undef
  196:3   warning  '$' is not defined                      no-undef
  198:5   warning  '$' is not defined                      no-undef
  200:3   warning  '$' is not defined                      no-undef
  202:5   warning  '$' is not defined                      no-undef
  204:3   warning  '$' is not defined                      no-undef
  206:5   warning  '$' is not defined                      no-undef
  208:7   warning  '$' is not defined                      no-undef
  209:7   warning  '$' is not defined                      no-undef
  210:7   warning  '$' is not defined                      no-undef
  211:7   warning  '$' is not defined                      no-undef
  212:7   warning  '$' is not defined                      no-undef
  213:7   warning  '$' is not defined                      no-undef
  220:10  warning  'movetoTop' is defined but never used   no-unused-vars

/home/runner/work/exp-freedom-system-forced-vibration-nitk/exp-freedom-system-forced-vibration-nitk/experiment/simulation/js/sketch.js
    3:10  warning  'simstate' is defined but never used              no-unused-vars
    5:5   warning  'imgfilename' is assigned a value but never used  no-unused-vars
   11:7   warning  'noLoop' is not defined                           no-undef
   15:7   warning  'simstatus' is not defined                        no-undef
   18:7   warning  'loop' is not defined                             no-undef
   22:7   warning  'simstatus' is not defined                        no-undef
   25:12  warning  'graphPlot' is defined but never used             no-unused-vars
   27:5   warning  'graphStep' is not defined                        no-undef
   30:5   warning  'runPage2' is not defined                         no-undef
   52:12  warning  'screenchangeMag' is defined but never used       no-unused-vars
   55:5   warning  'graphStep' is not defined                        no-undef
   61:12  warning  'screenChangePrevious' is defined but never used  no-unused-vars
   73:7   warning  'runPage1' is not defined                         no-undef
   93:5   warning  'resetGraphs' is not defined                      no-undef
  105:5   warning  'width' is assigned a value but never used        no-unused-vars
  106:5   warning  'height' is assigned a value but never used       no-unused-vars
  110:5   warning  't' is assigned a value but never used            no-unused-vars
  111:5   warning  'dt' is assigned a value but never used           no-unused-vars
  114:5   warning  'spring1' is assigned a value but never used      no-unused-vars
  115:5   warning  'spring2' is defined but never used               no-unused-vars
  122:5   warning  'k1' is assigned a value but never used           no-unused-vars
  123:5   warning  'k2' is assigned a value but never used           no-unused-vars
  124:5   warning  'm1' is assigned a value but never used           no-unused-vars
  125:5   warning  'm2' is assigned a value but never used           no-unused-vars
  127:5   warning  'F0' is assigned a value but never used           no-unused-vars
  130:5   warning  'factor' is assigned a value but never used       no-unused-vars
  133:5   warning  'img' is defined but never used                   no-unused-vars
  134:5   warning  'button1' is defined but never used               no-unused-vars
  135:5   warning  'button2' is defined but never used               no-unused-vars
  136:5   warning  'button3' is defined but never used               no-unused-vars
  137:5   warning  'button4' is defined but never used               no-unused-vars
  138:5   warning  'button5' is defined but never used               no-unused-vars
  139:5   warning  'spr' is assigned a value but never used          no-unused-vars
  148:5   warning  'touch' is assigned a value but never used        no-unused-vars
  151:5   warning  'clear' is defined but never used                 no-unused-vars
  153:10  warning  'preload' is defined but never used               no-unused-vars
  159:11  warning  'loadImage' is not defined                        no-undef
  163:10  warning  'setup' is defined but never used                 no-unused-vars
  164:5   warning  'textFont' is not defined                         no-undef
  166:23  warning  'createCanvas' is not defined                     no-undef
  170:19  warning  'System' is not defined                           no-undef
  173:4   warning  'strokeWeight' is not defined                     no-undef
  174:5   warning  'position_graph1' is not defined                  no-undef
  174:27  warning  'Graph' is not defined                            no-undef
  176:5   warning  'position_graph2' is not defined                  no-undef
  176:27  warning  'Graph' is not defined                            no-undef
  178:5   warning  'magFac1' is not defined                          no-undef
  178:19  warning  'DynamicGraph' is not defined                     no-undef
  178:95  warning  'System' is not defined                           no-undef
  179:5   warning  'magFac2' is not defined                          no-undef
  179:19  warning  'DynamicGraph' is not defined                     no-undef
  179:95  warning  'System' is not defined                           no-undef
  180:5   warning  'varinit' is not defined                          no-undef
  181:10  warning  '$' is not defined                                no-undef
  182:5   warning  'w' is not defined                                no-undef
  182:9   warning  '$' is not defined                                no-undef
  183:10  warning  '$' is not defined                                no-undef
  184:10  warning  '$' is not defined                                no-undef
  185:10  warning  '$' is not defined                                no-undef
  186:10  warning  '$' is not defined                                no-undef
  206:10  warning  'draw' is defined but never used                  no-unused-vars
  208:9   warning  'runPage1' is not defined                         no-undef
  212:9   warning  'runPage2' is not defined                         no-undef
  216:9   warning  'runPage3' is not defined                         no-undef

/home/runner/work/exp-freedom-system-forced-vibration-nitk/exp-freedom-system-forced-vibration-nitk/experiment/simulation/js/system.js
    2:7   warning  'System' is defined but never used  no-unused-vars
   86:3   warning  'push' is not defined               no-undef
   88:13  warning  'spr' is not defined                no-undef
   89:13  warning  'spr' is not defined                no-undef
   91:6   warning  'abs' is not defined                no-undef
   91:35  warning  'abs' is not defined                no-undef
  103:3   warning  'image' is not defined              no-undef
  103:9   warning  'spr' is not defined                no-undef
  104:3   warning  'fill' is not defined               no-undef
  105:3   warning  'textSize' is not defined           no-undef
  109:3   warning  'image' is not defined              no-undef
  109:9   warning  'spr' is not defined                no-undef
  110:3   warning  'image' is not defined              no-undef
  110:9   warning  'spr' is not defined                no-undef
  113:3   warning  'fill' is not defined               no-undef
  114:3   warning  'textSize' is not defined           no-undef
  118:3   warning  'rectMode' is not defined           no-undef
  118:12  warning  'CENTER' is not defined             no-undef
  119:3   warning  'fill' is not defined               no-undef
  120:3   warning  'rect' is not defined               no-undef
  123:3   warning  'rect' is not defined               no-undef
  124:3   warning  'stroke' is not defined             no-undef
  125:3   warning  'strokeWeight' is not defined       no-undef
  126:3   warning  'fill' is not defined               no-undef
  127:3   warning  'rectMode' is not defined           no-undef
  127:12  warning  'CENTER' is not defined             no-undef
  128:3   warning  'fill' is not defined               no-undef
  129:3   warning  'rect' is not defined               no-undef
  130:3   warning  'fill' is not defined               no-undef
  131:3   warning  'textSize' is not defined           no-undef
  134:3   warning  'rectMode' is not defined           no-undef
  134:12  warning  'CENTER' is not defined             no-undef
  135:3   warning  'fill' is not defined               no-undef
  136:3   warning  'rect' is not defined               no-undef
  139:3   warning  'fill' is not defined               no-undef
  140:3   warning  'textSize' is not defined           no-undef
  143:3   warning  'ellipse' is not defined            no-undef
  155:4   warning  'fill' is not defined               no-undef
  156:4   warning  'ellipse' is not defined            no-undef
  160:3   warning  'pop' is not defined                no-undef
  176:13  warning  'abs' is not defined                no-undef
  177:20  warning  'abs' is not defined                no-undef
  192:13  warning  'abs' is not defined                no-undef
  193:20  warning  'abs' is not defined                no-undef

 963 problems (0 errors, 963 warnings)
  0 errors and 2 warnings potentially fixable with the `--fix` option.

